{
  "stats": {
    "suites": 3,
    "tests": 11,
    "passes": 11,
    "pending": 0,
    "failures": 0,
    "start": "2018-10-01T15:32:23.935Z",
    "end": "2018-10-01T15:33:34.541Z",
    "duration": 70606,
    "testsRegistered": 11,
    "passPercent": 100,
    "pendingPercent": 0,
    "other": 0,
    "hasOther": false,
    "skipped": 0,
    "hasSkipped": false,
    "passPercentClass": "success",
    "pendingPercentClass": "danger"
  },
  "suites": {
    "uuid": "254f0068-4158-46ad-a22f-78fa964dfe32",
    "title": "",
    "fullFile": "",
    "file": "",
    "beforeHooks": [],
    "afterHooks": [],
    "tests": [],
    "suites": [
      {
        "uuid": "7a938608-2da7-4742-a292-f108bc58013e",
        "title": "Intro Mask Tests",
        "fullFile": "/Users/leejoe/Documents/testnode/moc/test/MaskPageTest.js",
        "file": "/test/MaskPageTest.js",
        "beforeHooks": [
          {
            "title": "\"before all\" hook",
            "fullTitle": "Intro Mask Tests \"before all\" hook",
            "timedOut": false,
            "duration": 1,
            "pass": false,
            "fail": false,
            "pending": false,
            "code": "",
            "err": {},
            "isRoot": false,
            "uuid": "cfd6506d-be6b-46e1-ae8e-7d98fdbabbb5",
            "isHook": true,
            "skipped": false
          },
          {
            "title": "\"before each\" hook",
            "fullTitle": "Intro Mask Tests \"before each\" hook",
            "timedOut": false,
            "duration": 3425,
            "pass": false,
            "fail": false,
            "pending": false,
            "code": "driverBuilder = new _DriverBuilder2.default();\ndriver = driverBuilder.driver;\nawait _driverUtils2.default.goToHome(driver);",
            "err": {},
            "isRoot": false,
            "uuid": "b2206782-e706-4c91-a356-dcc47bcdcffb",
            "isHook": true,
            "skipped": false
          }
        ],
        "afterHooks": [
          {
            "title": "\"after all\" hook",
            "fullTitle": "Intro Mask Tests \"after all\" hook",
            "timedOut": false,
            "duration": 0,
            "pass": false,
            "fail": false,
            "pending": false,
            "code": "// await driver.sleep(8000)\n// await driverBuilder.quit()",
            "err": {},
            "isRoot": false,
            "uuid": "eda2f562-d723-4621-85ed-64179c075e53",
            "isHook": true,
            "skipped": false
          },
          {
            "title": "\"after each\" hook",
            "fullTitle": "Intro Mask Tests \"after each\" hook",
            "timedOut": false,
            "duration": 1066,
            "pass": false,
            "fail": false,
            "pending": false,
            "code": "await driver.sleep(1000);\nawait driverBuilder.quit();",
            "err": {},
            "isRoot": false,
            "uuid": "3afa7866-6eab-423e-b024-0cb5cd65ce0a",
            "isHook": true,
            "skipped": false
          }
        ],
        "tests": [
          {
            "title": "access without cookie",
            "fullTitle": "Intro Mask Tests access without cookie",
            "timedOut": false,
            "duration": 16,
            "state": "passed",
            "speed": "fast",
            "pass": true,
            "fail": false,
            "pending": false,
            "code": "const maskPage = new _MaskPage2.default(driver);\nconst isIntroExist = await maskPage.isIntroExist();\n(0, _chai.assert)(isIntroExist, \"Intro mask should display\");",
            "err": {},
            "isRoot": false,
            "uuid": "345e883b-2e60-4e8c-b171-959f2df13491",
            "isHook": false,
            "skipped": false
          },
          {
            "title": "Click 立即開始購物 button",
            "fullTitle": "Intro Mask Tests Click 立即開始購物 button",
            "timedOut": false,
            "duration": 1474,
            "state": "passed",
            "speed": "slow",
            "pass": true,
            "fail": false,
            "pending": false,
            "code": "const maskPage = new _MaskPage2.default(driver);\nawait maskPage.clickComerBtn();\nconst intro = await driver.manage().getCookie('app-intro');\n(0, _chai.assert)(intro.value == 1, \"should has app-intro cookie\");\nconst isIntroExist = await maskPage.isIntroExist();\n(0, _chai.assert)(!isIntroExist, \"Intro mask should hide\");",
            "err": {},
            "isRoot": false,
            "uuid": "bf1272b8-ff2d-400d-8455-336b0b4cdae4",
            "isHook": false,
            "skipped": false
          },
          {
            "title": "access with cookie",
            "fullTitle": "Intro Mask Tests access with cookie",
            "timedOut": false,
            "duration": 2582,
            "state": "passed",
            "speed": "slow",
            "pass": true,
            "fail": false,
            "pending": false,
            "code": "const maskPage = new _MaskPage2.default(driver);\nconst cookie = new _Cookie2.default(driver);\nawait cookie.addIntro();\nconst isIntroExist = await maskPage.isIntroExist();\n(0, _chai.assert)(!isIntroExist, \"Intro mask should hide\");",
            "err": {},
            "isRoot": false,
            "uuid": "39ed3dab-e787-494c-9bcd-ce9ed602160a",
            "isHook": false,
            "skipped": false
          }
        ],
        "suites": [],
        "passes": [
          "345e883b-2e60-4e8c-b171-959f2df13491",
          "bf1272b8-ff2d-400d-8455-336b0b4cdae4",
          "39ed3dab-e787-494c-9bcd-ce9ed602160a"
        ],
        "failures": [],
        "pending": [],
        "skipped": [],
        "duration": 4072,
        "root": false,
        "rootEmpty": false,
        "_timeout": 999999
      },
      {
        "uuid": "45fd298b-4a68-4a04-b57e-9e1dc9c1ab6b",
        "title": "Pickup Point UI Tests",
        "fullFile": "/Users/leejoe/Documents/testnode/moc/test/PickupUITest.js",
        "file": "/test/PickupUITest.js",
        "beforeHooks": [
          {
            "title": "\"before all\" hook",
            "fullTitle": "Pickup Point UI Tests \"before all\" hook",
            "timedOut": false,
            "duration": 0,
            "pass": false,
            "fail": false,
            "pending": false,
            "code": "",
            "err": {},
            "isRoot": false,
            "uuid": "57651859-18ba-4cc1-92f2-ecb41585d541",
            "isHook": true,
            "skipped": false
          },
          {
            "title": "\"before each\" hook",
            "fullTitle": "Pickup Point UI Tests \"before each\" hook",
            "timedOut": false,
            "duration": 5663,
            "pass": false,
            "fail": false,
            "pending": false,
            "code": "driverBuilder = new _DriverBuilder2.default();\ndriver = driverBuilder.driver;\nawait _driverUtils2.default.goToHome(driver);\nconst cookie = new _Cookie2.default(driver);\nawait cookie.addIntro();",
            "err": {},
            "isRoot": false,
            "uuid": "c34cfa9b-6935-4209-a511-13a2198a4671",
            "isHook": true,
            "skipped": false
          }
        ],
        "afterHooks": [
          {
            "title": "\"after all\" hook",
            "fullTitle": "Pickup Point UI Tests \"after all\" hook",
            "timedOut": false,
            "duration": 0,
            "pass": false,
            "fail": false,
            "pending": false,
            "code": "//await driver.sleep(8000)\n// await driverBuilder.quit()",
            "err": {},
            "isRoot": false,
            "uuid": "117e9e33-8032-4fcf-a899-bcfab6d07de3",
            "isHook": true,
            "skipped": false
          },
          {
            "title": "\"after each\" hook",
            "fullTitle": "Pickup Point UI Tests \"after each\" hook",
            "timedOut": false,
            "duration": 1062,
            "pass": false,
            "fail": false,
            "pending": false,
            "code": "await driver.sleep(1000);\nawait driverBuilder.quit();",
            "err": {},
            "isRoot": false,
            "uuid": "00a33ddf-770b-40c2-8e8b-c0c63f0699fc",
            "isHook": true,
            "skipped": false
          }
        ],
        "tests": [
          {
            "title": "access without cookie pickup-selected-pickup",
            "fullTitle": "Pickup Point UI Tests access without cookie pickup-selected-pickup",
            "timedOut": false,
            "duration": 0,
            "state": "passed",
            "speed": "fast",
            "pass": true,
            "fail": false,
            "pending": false,
            "code": "const pickupPointUI = new _PickupPointUI2.default(driver);\npickupPointUI.hasToolTips();",
            "err": {},
            "isRoot": false,
            "uuid": "4f3c652b-3db7-4e83-a876-7c1d2b696e66",
            "isHook": false,
            "skipped": false
          },
          {
            "title": "access with cookie pickup-selected-pickup",
            "fullTitle": "Pickup Point UI Tests access with cookie pickup-selected-pickup",
            "timedOut": false,
            "duration": 1537,
            "state": "passed",
            "speed": "slow",
            "pass": true,
            "fail": false,
            "pending": false,
            "code": "const cookie = new _Cookie2.default(driver);\nawait cookie.addSelectedPickup(\"4\");\nconst url = await driver.getCurrentUrl();\n_chai.assert.match(url, /pickup\\/4\\/deals/, 'url not OK');",
            "err": {},
            "isRoot": false,
            "uuid": "9c20eb14-2d9c-4977-9391-293e9e02dda2",
            "isHook": false,
            "skipped": false
          },
          {
            "title": "change pickup",
            "fullTitle": "Pickup Point UI Tests change pickup",
            "timedOut": false,
            "duration": 2951,
            "state": "passed",
            "speed": "slow",
            "pass": true,
            "fail": false,
            "pending": false,
            "code": "const cookie = new _Cookie2.default(driver);\nawait cookie.addSelectedPickup(\"4\");\nconst pickupPointUI = new _PickupPointUI2.default(driver);\nawait pickupPointUI.access();",
            "err": {},
            "isRoot": false,
            "uuid": "9502e673-9b69-47dc-b690-36102a55df63",
            "isHook": false,
            "skipped": false
          }
        ],
        "suites": [],
        "passes": [
          "4f3c652b-3db7-4e83-a876-7c1d2b696e66",
          "9c20eb14-2d9c-4977-9391-293e9e02dda2",
          "9502e673-9b69-47dc-b690-36102a55df63"
        ],
        "failures": [],
        "pending": [],
        "skipped": [],
        "duration": 4488,
        "root": false,
        "rootEmpty": false,
        "_timeout": 999999
      },
      {
        "uuid": "22e0a1fb-c140-4a23-ad3f-478097e9a43e",
        "title": "URL Tests",
        "fullFile": "/Users/leejoe/Documents/testnode/moc/test/urlTest.js",
        "file": "/test/urlTest.js",
        "beforeHooks": [
          {
            "title": "\"before all\" hook",
            "fullTitle": "URL Tests \"before all\" hook",
            "timedOut": false,
            "duration": 9852,
            "pass": false,
            "fail": false,
            "pending": false,
            "code": "driverBuilder = new _DriverBuilder2.default();\ndriver = driverBuilder.driver;\nawait _driverUtils2.default.goToHome(driver);\nconst cookie = new _Cookie2.default(driver);\nawait cookie.addIntro();\nawait cookie.addSelectedPickup(\"4\");",
            "err": {},
            "isRoot": false,
            "uuid": "af59c6ff-d889-47cb-9272-30c00809eb77",
            "isHook": true,
            "skipped": false
          },
          {
            "title": "\"before each\" hook",
            "fullTitle": "URL Tests \"before each\" hook",
            "timedOut": false,
            "duration": 0,
            "pass": false,
            "fail": false,
            "pending": false,
            "code": "",
            "err": {},
            "isRoot": false,
            "uuid": "c3325a4a-7f8b-48aa-b85c-a0453cfd0c2d",
            "isHook": true,
            "skipped": false
          }
        ],
        "afterHooks": [
          {
            "title": "\"after all\" hook",
            "fullTitle": "URL Tests \"after all\" hook",
            "timedOut": false,
            "duration": 55,
            "pass": false,
            "fail": false,
            "pending": false,
            "code": "await driverBuilder.quit();",
            "err": {},
            "isRoot": false,
            "uuid": "ce0068b8-262f-4585-8cf2-e553aaef0a85",
            "isHook": true,
            "skipped": false
          },
          {
            "title": "\"after each\" hook",
            "fullTitle": "URL Tests \"after each\" hook",
            "timedOut": false,
            "duration": 501,
            "pass": false,
            "fail": false,
            "pending": false,
            "code": "await driver.sleep(500);",
            "err": {},
            "isRoot": false,
            "uuid": "256d3202-5784-42b4-9a14-6b0368379ac9",
            "isHook": true,
            "skipped": false
          }
        ],
        "tests": [
          {
            "title": "Deal list Page",
            "fullTitle": "URL Tests Deal list Page",
            "timedOut": false,
            "duration": 1744,
            "state": "passed",
            "speed": "slow",
            "pass": true,
            "fail": false,
            "pending": false,
            "code": "await _driverUtils2.default.goToPath(driver, '/pickup/1/deals');\nconst page = new _HomePage2.default(driver);\nawait page.isLoaded();",
            "err": {},
            "isRoot": false,
            "uuid": "c603c91f-6ec6-4c77-87f4-9bd9ad633ea5",
            "isHook": false,
            "skipped": false
          },
          {
            "title": "SignPage",
            "fullTitle": "URL Tests SignPage",
            "timedOut": false,
            "duration": 1735,
            "state": "passed",
            "speed": "slow",
            "pass": true,
            "fail": false,
            "pending": false,
            "code": "const page = new _SignPage2.default(driver);\nawait _driverUtils2.default.goToPath(driver, page.getUrl());\nawait page.isLoaded();",
            "err": {},
            "isRoot": false,
            "uuid": "8f3d30dc-323c-430f-b11b-b43d356c1136",
            "isHook": false,
            "skipped": false
          },
          {
            "title": "AboutPage",
            "fullTitle": "URL Tests AboutPage",
            "timedOut": false,
            "duration": 1396,
            "state": "passed",
            "speed": "slow",
            "pass": true,
            "fail": false,
            "pending": false,
            "code": "const page = new _AboutPage2.default(driver);\nawait _driverUtils2.default.goToPath(driver, page.getUrl());\nawait page.isLoaded();",
            "err": {},
            "isRoot": false,
            "uuid": "560af6e6-163b-4408-b0df-effded11db36",
            "isHook": false,
            "skipped": false
          },
          {
            "title": "SignPage",
            "fullTitle": "URL Tests SignPage",
            "timedOut": false,
            "duration": 399,
            "state": "passed",
            "speed": "slow",
            "pass": true,
            "fail": false,
            "pending": false,
            "code": "const page = new _SignPage2.default(driver);\nawait _driverUtils2.default.goToPath(driver, page.getUrl());\nawait page.isLoaded();",
            "err": {},
            "isRoot": false,
            "uuid": "1afad0d9-a2dc-4d14-81e8-7ca61054cabf",
            "isHook": false,
            "skipped": false
          },
          {
            "title": "After Login : user page, deal page, received page, order page",
            "fullTitle": "URL Tests After Login : user page, deal page, received page, order page",
            "timedOut": false,
            "duration": 9964,
            "state": "passed",
            "speed": "slow",
            "pass": true,
            "fail": false,
            "pending": false,
            "code": "//login\nconst signPage = new _SignPage2.default(driver);\nawait _driverUtils2.default.goToPath(driver, signPage.getUrl());\nawait signPage.signUp('97099379', '191551');\nawait driver.sleep(3000);\n// User page\nlet page = new _UserPage2.default(driver);\nawait _driverUtils2.default.goToPath(driver, page.getUrl());\nawait page.isLoaded();\nawait _driverUtils2.default.goToPath(driver, page.getUrl());\npage = new _UserDealPage2.default(driver);\nawait _driverUtils2.default.goToPath(driver, page.getUrl());\nawait page.isLoaded();\npage = new _UserReceivedPage2.default(driver);\nawait _driverUtils2.default.goToPath(driver, page.getUrl());\nawait page.isLoaded();\npage = new _UserOrderPage2.default(driver);\nawait _driverUtils2.default.goToPath(driver, page.getUrl());\nawait page.isLoaded();\npage = new _CartPage2.default(driver);\nawait _driverUtils2.default.goToPath(driver, page.getUrl());\nawait page.isLoaded();\npage = new _BasePage2.default(driver);\nawait _driverUtils2.default.goToPath(driver, '/tnc');\nlet is404 = await page.is404();\n(0, _chai.assert)(!is404, '/tnc should not be 404');\nawait _driverUtils2.default.goToPath(driver, '/privacy');\nis404 = await page.is404();\n(0, _chai.assert)(!is404, '/privacy should not be 404');",
            "err": {},
            "isRoot": false,
            "uuid": "5d4a40a4-d093-4424-9d03-f41b7d7ec82e",
            "isHook": false,
            "skipped": false
          }
        ],
        "suites": [],
        "passes": [
          "c603c91f-6ec6-4c77-87f4-9bd9ad633ea5",
          "8f3d30dc-323c-430f-b11b-b43d356c1136",
          "560af6e6-163b-4408-b0df-effded11db36",
          "1afad0d9-a2dc-4d14-81e8-7ca61054cabf",
          "5d4a40a4-d093-4424-9d03-f41b7d7ec82e"
        ],
        "failures": [],
        "pending": [],
        "skipped": [],
        "duration": 15238,
        "root": false,
        "rootEmpty": false,
        "_timeout": 999999
      }
    ],
    "passes": [],
    "failures": [],
    "pending": [],
    "skipped": [],
    "duration": 0,
    "root": true,
    "rootEmpty": true,
    "_timeout": 999999
  },
  "copyrightYear": 2018
}